<?xml version="1.0" encoding="UTF-8"?>
<testng-results skipped="0" failed="1" total="1" passed="0">
  <reporter-output>
  </reporter-output>
  <suite name="Suite1" duration-ms="19565" started-at="2018-02-25T17:58:46Z" finished-at="2018-02-25T17:59:06Z">
    <groups>
    </groups>
    <test name="hello" duration-ms="19565" started-at="2018-02-25T17:58:46Z" finished-at="2018-02-25T17:59:06Z">
      <class name="org.fresh.demo.TestClass">
        <test-method status="FAIL" signature="setProperty(java.lang.String)[pri:0, instance:org.fresh.demo.TestClass@1c845f64]" name="setProperty" duration-ms="19532" started-at="2018-02-25T23:28:46Z" finished-at="2018-02-25T23:29:06Z">
          <params>
            <param index="0">
              <value>
                <![CDATA[https://www.guru99.com/]]>
              </value>
            </param>
          </params>
          <exception class="org.openqa.selenium.WebDriverException">
            <message>
              <![CDATA[unknown error: unhandled inspector error: {"code":-32000,"message":"No target with given id"}
  (Session info: chrome=64.0.3282.186)
  (Driver info: chromedriver=2.35.528161 (5b82f2d2aae0ca24b877009200ced9065a772e73),platform=Windows NT 6.2.9200 x86_64) (WARNING: The server did not provide any stacktrace information)
Command duration or timeout: 1.48 seconds
Build info: version: '2.53.1', revision: 'a36b8b1cd5757287168e54b817830adce9b0158d', time: '2016-06-30 19:26:09'
System info: host: 'idea-PC', ip: '192.168.43.253', os.name: 'Windows 8', os.arch: 'amd64', os.version: '6.2', java.version: '1.7.0_45'
Session ID: a575012650e4f6dfdbbed257d689b7ff
Driver info: org.openqa.selenium.chrome.ChromeDriver
Capabilities [{platform=WIN8, acceptSslCerts=false, javascriptEnabled=true, browserName=chrome, chrome={userDataDir=C:\Users\RAMESH~1\AppData\Local\Temp\scoped_dir6516_20593, chromedriverVersion=2.35.528161 (5b82f2d2aae0ca24b877009200ced9065a772e73)}, networkConnectionEnabled=false, unexpectedAlertBehaviour=, rotatable=false, setWindowRect=true, mobileEmulationEnabled=false, locationContextEnabled=true, pageLoadStrategy=normal, version=64.0.3282.186, takesHeapSnapshot=true, cssSelectorsEnabled=true, databaseEnabled=false, handlesAlerts=true, browserConnectionEnabled=false, webStorageEnabled=true, nativeEvents=true, hasTouchScreen=false, applicationCacheEnabled=false, takesScreenshot=true, acceptInsecureCerts=false}]]]>
            </message>
            <full-stacktrace>
              <![CDATA[org.openqa.selenium.WebDriverException: unknown error: unhandled inspector error: {"code":-32000,"message":"No target with given id"}
  (Session info: chrome=64.0.3282.186)
  (Driver info: chromedriver=2.35.528161 (5b82f2d2aae0ca24b877009200ced9065a772e73),platform=Windows NT 6.2.9200 x86_64) (WARNING: The server did not provide any stacktrace information)
Command duration or timeout: 1.48 seconds
Build info: version: '2.53.1', revision: 'a36b8b1cd5757287168e54b817830adce9b0158d', time: '2016-06-30 19:26:09'
System info: host: 'idea-PC', ip: '192.168.43.253', os.name: 'Windows 8', os.arch: 'amd64', os.version: '6.2', java.version: '1.7.0_45'
Session ID: a575012650e4f6dfdbbed257d689b7ff
Driver info: org.openqa.selenium.chrome.ChromeDriver
Capabilities [{platform=WIN8, acceptSslCerts=false, javascriptEnabled=true, browserName=chrome, chrome={userDataDir=C:\Users\RAMESH~1\AppData\Local\Temp\scoped_dir6516_20593, chromedriverVersion=2.35.528161 (5b82f2d2aae0ca24b877009200ced9065a772e73)}, networkConnectionEnabled=false, unexpectedAlertBehaviour=, rotatable=false, setWindowRect=true, mobileEmulationEnabled=false, locationContextEnabled=true, pageLoadStrategy=normal, version=64.0.3282.186, takesHeapSnapshot=true, cssSelectorsEnabled=true, databaseEnabled=false, handlesAlerts=true, browserConnectionEnabled=false, webStorageEnabled=true, nativeEvents=true, hasTouchScreen=false, applicationCacheEnabled=false, takesScreenshot=true, acceptInsecureCerts=false}]
	at sun.reflect.NativeConstructorAccessorImpl.newInstance0(Native Method)
	at sun.reflect.NativeConstructorAccessorImpl.newInstance(NativeConstructorAccessorImpl.java:57)
	at sun.reflect.DelegatingConstructorAccessorImpl.newInstance(DelegatingConstructorAccessorImpl.java:45)
	at java.lang.reflect.Constructor.newInstance(Constructor.java:526)
	at org.openqa.selenium.remote.ErrorHandler.createThrowable(ErrorHandler.java:206)
	at org.openqa.selenium.remote.ErrorHandler.throwIfResponseFailed(ErrorHandler.java:158)
	at org.openqa.selenium.remote.RemoteWebDriver.execute(RemoteWebDriver.java:678)
	at org.openqa.selenium.remote.RemoteWebDriver$RemoteWebDriverOptions$RemoteWindow.maximize(RemoteWebDriver.java:945)
	at org.fresh.demo.TestClass.setProperty(TestClass.java:32)
	at sun.reflect.NativeMethodAccessorImpl.invoke0(Native Method)
	at sun.reflect.NativeMethodAccessorImpl.invoke(NativeMethodAccessorImpl.java:57)
	at sun.reflect.DelegatingMethodAccessorImpl.invoke(DelegatingMethodAccessorImpl.java:43)
	at java.lang.reflect.Method.invoke(Method.java:606)
	at org.testng.internal.MethodInvocationHelper.invokeMethod(MethodInvocationHelper.java:86)
	at org.testng.internal.Invoker.invokeMethod(Invoker.java:643)
	at org.testng.internal.Invoker.invokeTestMethod(Invoker.java:820)
	at org.testng.internal.Invoker.invokeTestMethods(Invoker.java:1128)
	at org.testng.internal.TestMethodWorker.invokeTestMethods(TestMethodWorker.java:129)
	at org.testng.internal.TestMethodWorker.run(TestMethodWorker.java:112)
	at org.testng.TestRunner.privateRun(TestRunner.java:782)
	at org.testng.TestRunner.run(TestRunner.java:632)
	at org.testng.SuiteRunner.runTest(SuiteRunner.java:366)
	at org.testng.SuiteRunner.runSequentially(SuiteRunner.java:361)
	at org.testng.SuiteRunner.privateRun(SuiteRunner.java:319)
	at org.testng.SuiteRunner.run(SuiteRunner.java:268)
	at org.testng.SuiteRunnerWorker.runSuite(SuiteRunnerWorker.java:52)
	at org.testng.SuiteRunnerWorker.run(SuiteRunnerWorker.java:86)
	at org.testng.TestNG.runSuitesSequentially(TestNG.java:1244)
	at org.testng.TestNG.runSuitesLocally(TestNG.java:1169)
	at org.testng.TestNG.run(TestNG.java:1064)
	at org.testng.remote.AbstractRemoteTestNG.run(AbstractRemoteTestNG.java:132)
	at org.testng.remote.RemoteTestNG.initAndRun(RemoteTestNG.java:236)
	at org.testng.remote.RemoteTestNG.main(RemoteTestNG.java:81)
]]>
            </full-stacktrace>
          </exception> <!-- org.openqa.selenium.WebDriverException -->
          <reporter-output>
          </reporter-output>
        </test-method> <!-- setProperty -->
      </class> <!-- org.fresh.demo.TestClass -->
    </test> <!-- hello -->
  </suite> <!-- Suite1 -->
</testng-results>
